21-03-2018 18:01:02 INFO  c.c.C.TimeManagementSystemApplication:50 - Starting TimeManagementSystemApplication on DESKTOP-OTQL693 with PID 14648 (started by india in E:\eclipse workspace\MarriottNew\TimeManagementSystem)
21-03-2018 18:01:02 INFO  c.c.C.TimeManagementSystemApplication:652 - No active profile set, falling back to default profiles: default
21-03-2018 18:01:02 INFO  o.s.b.w.s.c.AnnotationConfigServletWebServerApplicationContext:589 - Refreshing org.springframework.boot.web.servlet.context.AnnotationConfigServletWebServerApplicationContext@10fd1a07: startup date [Wed Mar 21 18:01:02 IST 2018]; root of context hierarchy
21-03-2018 18:01:03 INFO  o.s.b.w.e.t.TomcatWebServer:91 - Tomcat initialized with port(s): 9979 (http)
21-03-2018 18:01:04 INFO  o.a.c.c.StandardService:180 - Starting service [Tomcat]
21-03-2018 18:01:04 INFO  o.a.c.c.StandardEngine:180 - Starting Servlet Engine: Apache Tomcat/8.5.28
21-03-2018 18:01:04 INFO  o.a.c.c.AprLifecycleListener:180 - The APR based Apache Tomcat Native library which allows optimal performance in production environments was not found on the java.library.path: [C:\Program Files\Java\jre1.8.0_131\bin;C:\WINDOWS\Sun\Java\bin;C:\WINDOWS\system32;C:\WINDOWS;C:/Program Files/Java/jre1.8.0_131/bin/server;C:/Program Files/Java/jre1.8.0_131/bin;C:/Program Files/Java/jre1.8.0_131/lib/amd64;C:\oracle\app\oracle\product\11.2.0\server\bin;;C:\oraclexe\app\oracle\product\11.2.0\server\bin;C:\ProgramData\Oracle\Java\javapath;C:\Program Files (x86)\Intel\iCLS Client\;C:\Program Files\Intel\iCLS Client\;C:\WINDOWS\system32;C:\WINDOWS;C:\WINDOWS\System32\Wbem;C:\WINDOWS\System32\WindowsPowerShell\v1.0\;C:\Program Files (x86)\Intel\Intel(R) Management Engine Components\DAL;C:\Program Files\Intel\Intel(R) Management Engine Components\DAL;C:\Program Files (x86)\Intel\Intel(R) Management Engine Components\IPT;C:\Program Files\Intel\Intel(R) Management Engine Components\IPT;C:\Program Files (x86)\Skype\Phone\;C:\Program Files\Java\jdk1.8.0_131\bin;C:\Program Files\PuTTY\;C:\Program Files\Git\cmd;E:\gradle-3.5\bin;C:\Program Files\TortoiseGit\bin;C:\Program Files (x86)\MySQL\MySQL Fabric 1.5 & MySQL Utilities 1.5\;C:\Program Files (x86)\MySQL\MySQL Fabric 1.5 & MySQL Utilities 1.5\Doctrine extensions for PHP\;C:\Users\india\AppData\Local\Microsoft\WindowsApps;E:\eclipse workspace\eclipse;;.]
21-03-2018 18:01:04 INFO  o.a.c.c.C.[.[.[/]:180 - Initializing Spring embedded WebApplicationContext
21-03-2018 18:01:04 INFO  o.s.w.c.ContextLoader:285 - Root WebApplicationContext: initialization completed in 1808 ms
21-03-2018 18:01:04 INFO  o.s.b.w.s.ServletRegistrationBean:185 - Servlet dispatcherServlet mapped to [/]
21-03-2018 18:01:04 INFO  o.s.b.w.s.FilterRegistrationBean:243 - Mapping filter: 'characterEncodingFilter' to: [/*]
21-03-2018 18:01:04 INFO  o.s.b.w.s.FilterRegistrationBean:243 - Mapping filter: 'hiddenHttpMethodFilter' to: [/*]
21-03-2018 18:01:04 INFO  o.s.b.w.s.FilterRegistrationBean:243 - Mapping filter: 'httpPutFormContentFilter' to: [/*]
21-03-2018 18:01:04 INFO  o.s.b.w.s.FilterRegistrationBean:243 - Mapping filter: 'requestContextFilter' to: [/*]
21-03-2018 18:01:04 INFO  o.s.b.w.s.FilterRegistrationBean:243 - Mapping filter: 'httpTraceFilter' to: [/*]
21-03-2018 18:01:04 INFO  o.s.b.w.s.FilterRegistrationBean:243 - Mapping filter: 'webMvcMetricsFilter' to: [/*]
21-03-2018 18:01:05 INFO  o.s.w.s.m.m.a.RequestMappingHandlerAdapter:567 - Looking for @ControllerAdvice: org.springframework.boot.web.servlet.context.AnnotationConfigServletWebServerApplicationContext@10fd1a07: startup date [Wed Mar 21 18:01:02 IST 2018]; root of context hierarchy
21-03-2018 18:01:05 INFO  o.s.w.s.m.m.a.RequestMappingHandlerMapping:548 - Mapped "{[/error]}" onto public org.springframework.http.ResponseEntity<java.util.Map<java.lang.String, java.lang.Object>> org.springframework.boot.autoconfigure.web.servlet.error.BasicErrorController.error(javax.servlet.http.HttpServletRequest)
21-03-2018 18:01:05 INFO  o.s.w.s.m.m.a.RequestMappingHandlerMapping:548 - Mapped "{[/error],produces=[text/html]}" onto public org.springframework.web.servlet.ModelAndView org.springframework.boot.autoconfigure.web.servlet.error.BasicErrorController.errorHtml(javax.servlet.http.HttpServletRequest,javax.servlet.http.HttpServletResponse)
21-03-2018 18:01:05 INFO  o.s.w.s.h.SimpleUrlHandlerMapping:373 - Mapped URL path [/webjars/**] onto handler of type [class org.springframework.web.servlet.resource.ResourceHttpRequestHandler]
21-03-2018 18:01:05 INFO  o.s.w.s.h.SimpleUrlHandlerMapping:373 - Mapped URL path [/**] onto handler of type [class org.springframework.web.servlet.resource.ResourceHttpRequestHandler]
21-03-2018 18:01:05 INFO  o.s.w.s.h.SimpleUrlHandlerMapping:373 - Mapped URL path [/**/favicon.ico] onto handler of type [class org.springframework.web.servlet.resource.ResourceHttpRequestHandler]
21-03-2018 18:01:05 INFO  o.s.b.d.a.OptionalLiveReloadServer:57 - LiveReload server is running on port 35729
21-03-2018 18:01:05 INFO  o.s.b.a.e.w.s.WebMvcEndpointHandlerMapping:548 - Mapped "{[/actuator/health],methods=[GET],produces=[application/vnd.spring-boot.actuator.v2+json || application/json]}" onto public java.lang.Object org.springframework.boot.actuate.endpoint.web.servlet.AbstractWebMvcEndpointHandlerMapping$OperationHandler.handle(javax.servlet.http.HttpServletRequest,java.util.Map<java.lang.String, java.lang.String>)
21-03-2018 18:01:05 INFO  o.s.b.a.e.w.s.WebMvcEndpointHandlerMapping:548 - Mapped "{[/actuator/info],methods=[GET],produces=[application/vnd.spring-boot.actuator.v2+json || application/json]}" onto public java.lang.Object org.springframework.boot.actuate.endpoint.web.servlet.AbstractWebMvcEndpointHandlerMapping$OperationHandler.handle(javax.servlet.http.HttpServletRequest,java.util.Map<java.lang.String, java.lang.String>)
21-03-2018 18:01:05 INFO  o.s.b.a.e.w.s.WebMvcEndpointHandlerMapping:548 - Mapped "{[/actuator],methods=[GET],produces=[application/vnd.spring-boot.actuator.v2+json || application/json]}" onto protected java.util.Map<java.lang.String, java.util.Map<java.lang.String, org.springframework.boot.actuate.endpoint.web.Link>> org.springframework.boot.actuate.endpoint.web.servlet.WebMvcEndpointHandlerMapping.links(javax.servlet.http.HttpServletRequest,javax.servlet.http.HttpServletResponse)
21-03-2018 18:01:05 INFO  o.s.j.e.a.AnnotationMBeanExporter:434 - Registering beans for JMX exposure on startup
21-03-2018 18:01:05 INFO  o.s.b.w.e.t.TomcatWebServer:205 - Tomcat started on port(s): 9979 (http) with context path ''
21-03-2018 18:01:05 INFO  c.c.C.TimeManagementSystemApplication:59 - Started TimeManagementSystemApplication in 4.016 seconds (JVM running for 4.879)
21-03-2018 18:04:34 INFO  o.s.b.w.s.c.AnnotationConfigServletWebServerApplicationContext:989 - Closing org.springframework.boot.web.servlet.context.AnnotationConfigServletWebServerApplicationContext@10fd1a07: startup date [Wed Mar 21 18:01:02 IST 2018]; root of context hierarchy
21-03-2018 18:04:34 INFO  o.s.j.e.a.AnnotationMBeanExporter:452 - Unregistering JMX-exposed beans on shutdown
21-03-2018 18:04:34 INFO  c.c.C.TimeManagementSystemApplication:50 - Starting TimeManagementSystemApplication on DESKTOP-OTQL693 with PID 14648 (started by india in E:\eclipse workspace\MarriottNew\TimeManagementSystem)
21-03-2018 18:04:34 INFO  c.c.C.TimeManagementSystemApplication:652 - No active profile set, falling back to default profiles: default
21-03-2018 18:04:34 INFO  o.s.b.w.s.c.AnnotationConfigServletWebServerApplicationContext:589 - Refreshing org.springframework.boot.web.servlet.context.AnnotationConfigServletWebServerApplicationContext@2f06c5f6: startup date [Wed Mar 21 18:04:34 IST 2018]; root of context hierarchy
21-03-2018 18:04:35 INFO  o.s.b.w.e.t.TomcatWebServer:91 - Tomcat initialized with port(s): 9979 (http)
21-03-2018 18:04:35 INFO  o.a.c.c.StandardService:180 - Starting service [Tomcat]
21-03-2018 18:04:35 INFO  o.a.c.c.StandardEngine:180 - Starting Servlet Engine: Apache Tomcat/8.5.28
21-03-2018 18:04:35 INFO  o.a.c.c.C.[.[.[/]:180 - Initializing Spring embedded WebApplicationContext
21-03-2018 18:04:35 INFO  o.s.w.c.ContextLoader:285 - Root WebApplicationContext: initialization completed in 658 ms
21-03-2018 18:04:35 INFO  o.s.b.w.s.ServletRegistrationBean:185 - Servlet dispatcherServlet mapped to [/]
21-03-2018 18:04:35 INFO  o.s.b.w.s.FilterRegistrationBean:243 - Mapping filter: 'characterEncodingFilter' to: [/*]
21-03-2018 18:04:35 INFO  o.s.b.w.s.FilterRegistrationBean:243 - Mapping filter: 'hiddenHttpMethodFilter' to: [/*]
21-03-2018 18:04:35 INFO  o.s.b.w.s.FilterRegistrationBean:243 - Mapping filter: 'httpPutFormContentFilter' to: [/*]
21-03-2018 18:04:35 INFO  o.s.b.w.s.FilterRegistrationBean:243 - Mapping filter: 'requestContextFilter' to: [/*]
21-03-2018 18:04:35 INFO  o.s.b.w.s.FilterRegistrationBean:243 - Mapping filter: 'httpTraceFilter' to: [/*]
21-03-2018 18:04:35 INFO  o.s.b.w.s.FilterRegistrationBean:243 - Mapping filter: 'webMvcMetricsFilter' to: [/*]
21-03-2018 18:04:35 INFO  o.s.w.s.m.m.a.RequestMappingHandlerAdapter:567 - Looking for @ControllerAdvice: org.springframework.boot.web.servlet.context.AnnotationConfigServletWebServerApplicationContext@2f06c5f6: startup date [Wed Mar 21 18:04:34 IST 2018]; root of context hierarchy
21-03-2018 18:04:35 INFO  o.s.w.s.m.m.a.RequestMappingHandlerMapping:548 - Mapped "{[/error]}" onto public org.springframework.http.ResponseEntity<java.util.Map<java.lang.String, java.lang.Object>> org.springframework.boot.autoconfigure.web.servlet.error.BasicErrorController.error(javax.servlet.http.HttpServletRequest)
21-03-2018 18:04:35 INFO  o.s.w.s.m.m.a.RequestMappingHandlerMapping:548 - Mapped "{[/error],produces=[text/html]}" onto public org.springframework.web.servlet.ModelAndView org.springframework.boot.autoconfigure.web.servlet.error.BasicErrorController.errorHtml(javax.servlet.http.HttpServletRequest,javax.servlet.http.HttpServletResponse)
21-03-2018 18:04:35 INFO  o.s.w.s.h.SimpleUrlHandlerMapping:373 - Mapped URL path [/webjars/**] onto handler of type [class org.springframework.web.servlet.resource.ResourceHttpRequestHandler]
21-03-2018 18:04:35 INFO  o.s.w.s.h.SimpleUrlHandlerMapping:373 - Mapped URL path [/**] onto handler of type [class org.springframework.web.servlet.resource.ResourceHttpRequestHandler]
21-03-2018 18:04:35 INFO  o.s.w.s.h.SimpleUrlHandlerMapping:373 - Mapped URL path [/**/favicon.ico] onto handler of type [class org.springframework.web.servlet.resource.ResourceHttpRequestHandler]
21-03-2018 18:04:35 INFO  o.s.b.d.a.OptionalLiveReloadServer:57 - LiveReload server is running on port 35729
21-03-2018 18:04:35 INFO  o.s.b.a.e.w.s.WebMvcEndpointHandlerMapping:548 - Mapped "{[/actuator/health],methods=[GET],produces=[application/vnd.spring-boot.actuator.v2+json || application/json]}" onto public java.lang.Object org.springframework.boot.actuate.endpoint.web.servlet.AbstractWebMvcEndpointHandlerMapping$OperationHandler.handle(javax.servlet.http.HttpServletRequest,java.util.Map<java.lang.String, java.lang.String>)
21-03-2018 18:04:35 INFO  o.s.b.a.e.w.s.WebMvcEndpointHandlerMapping:548 - Mapped "{[/actuator/info],methods=[GET],produces=[application/vnd.spring-boot.actuator.v2+json || application/json]}" onto public java.lang.Object org.springframework.boot.actuate.endpoint.web.servlet.AbstractWebMvcEndpointHandlerMapping$OperationHandler.handle(javax.servlet.http.HttpServletRequest,java.util.Map<java.lang.String, java.lang.String>)
21-03-2018 18:04:35 INFO  o.s.b.a.e.w.s.WebMvcEndpointHandlerMapping:548 - Mapped "{[/actuator],methods=[GET],produces=[application/vnd.spring-boot.actuator.v2+json || application/json]}" onto protected java.util.Map<java.lang.String, java.util.Map<java.lang.String, org.springframework.boot.actuate.endpoint.web.Link>> org.springframework.boot.actuate.endpoint.web.servlet.WebMvcEndpointHandlerMapping.links(javax.servlet.http.HttpServletRequest,javax.servlet.http.HttpServletResponse)
21-03-2018 18:04:35 INFO  o.s.j.e.a.AnnotationMBeanExporter:434 - Registering beans for JMX exposure on startup
21-03-2018 18:04:35 INFO  o.s.b.w.e.t.TomcatWebServer:205 - Tomcat started on port(s): 9979 (http) with context path ''
21-03-2018 18:04:35 INFO  c.c.C.TimeManagementSystemApplication:59 - Started TimeManagementSystemApplication in 1.089 seconds (JVM running for 214.674)
21-03-2018 18:04:35 INFO  o.s.b.d.a.ConditionEvaluationDeltaLoggingListener:56 - Condition evaluation unchanged
21-03-2018 18:06:13 INFO  o.s.b.w.s.c.AnnotationConfigServletWebServerApplicationContext:989 - Closing org.springframework.boot.web.servlet.context.AnnotationConfigServletWebServerApplicationContext@2f06c5f6: startup date [Wed Mar 21 18:04:34 IST 2018]; root of context hierarchy
21-03-2018 18:06:13 INFO  o.s.j.e.a.AnnotationMBeanExporter:452 - Unregistering JMX-exposed beans on shutdown
